[GIN-debug] [WARNING] Running in "debug" mode. Switch to "release" mode in production.
 - using env:	export GIN_MODE=release
 - using code:	gin.SetMode(gin.ReleaseMode)

[GIN-debug] GET    /css/*filepath            --> github.com/gin-gonic/gin.(*RouterGroup).createStaticHandler.func1 (1 handlers)
[GIN-debug] HEAD   /css/*filepath            --> github.com/gin-gonic/gin.(*RouterGroup).createStaticHandler.func1 (1 handlers)
[GIN-debug] Loaded HTML Templates (4): 
	- index.html
	- 
	- footer.html
	- header.html

[GIN-debug] GET    /api/test                 --> main.main.func1 (4 handlers)
[GIN-debug] GET    /api/videos               --> main.main.func2 (4 handlers)
[GIN-debug] POST   /api/videos               --> main.main.func3 (4 handlers)
[GIN-debug] GET    /view/videos              --> github.com/lacnguyen/go-gin/controller.VideoController.ShowAll-fm (4 handlers)
[GIN-debug] Listening and serving HTTP on :3333
::1 - [11 Jun 21 13:52 +07] GET / 401 0s 
::1 - [11 Jun 21 13:52 +07] GET /views/videos 401 0s 
::1 - [11 Jun 21 13:52 +07] GET /views/videos 401 0s 
::1 - [11 Jun 21 13:52 +07] POST /api/videos 200 12.9653ms 
::1 - [11 Jun 21 13:53 +07] GET /views/videos 401 0s 
::1 - [11 Jun 21 13:53 +07] GET /views/videos 404 0s 
::1 - [11 Jun 21 13:53 +07] GET /favicon.ico 401 0s 
::1 - [11 Jun 21 13:53 +07] GET /favicon.ico 404 0s 
::1 - [11 Jun 21 13:54 +07] GET /views/videos 404 0s 
::1 - [11 Jun 21 13:54 +07] GET /views/videos 404 0s 
::1 - [11 Jun 21 13:54 +07] GET /views/videos 404 0s 
::1 - [11 Jun 21 13:58 +07] GET /api/videos 200 0s 
::1 - [11 Jun 21 13:58 +07] GET /view/videos 200 2.9213ms 
::1 - [11 Jun 21 15:02 +07] GET / 404 0s 
::1 - [11 Jun 21 15:02 +07] GET /view/videos 200 39.1021ms 
::1 - [11 Jun 21 15:03 +07] POST /api/videos 200 416.5µs 
::1 - [11 Jun 21 15:03 +07] GET /view/videos 200 1.9949ms 
::1 - [11 Jun 21 15:06 +07] GET /view/videos 200 1.9841ms 
::1 - [11 Jun 21 15:08 +07] POST /api/videos 200 998.7µs 
::1 - [11 Jun 21 15:08 +07] GET /view/videos 200 2.0253ms 
::1 - [11 Jun 21 15:08 +07] GET /favicon.ico 404 0s 
